Hmm ... looks like a package
This is pdfTeX, Version 3.1415926-2.5-1.40.14 (TeX Live 2013/Debian)
 restricted \write18 enabled.
entering extended mode
(./Rd2.tex
LaTeX2e <2011/06/27>
Babel <3.9h> and hyphenation patterns for 2 languages loaded.

(/usr/share/texlive/texmf-dist/tex/latex/base/book.cls
Document Class: book 2007/10/19 v1.4h Standard LaTeX document class
(/usr/share/texlive/texmf-dist/tex/latex/base/bk10.clo))
(/usr/share/R/share/texmf/tex/latex/Rd.sty
(/usr/share/texlive/texmf-dist/tex/latex/base/ifthen.sty)
(/usr/share/texlive/texmf-dist/tex/latex/tools/longtable.sty)
(/usr/share/texlive/texmf-dist/tex/latex/tools/bm.sty)
(/usr/share/texlive/texmf-dist/tex/latex/base/alltt.sty)
(/usr/share/texlive/texmf-dist/tex/latex/tools/verbatim.sty)
(/usr/share/texlive/texmf-dist/tex/latex/url/url.sty)
(/usr/share/texlive/texmf-dist/tex/latex/base/textcomp.sty
(/usr/share/texlive/texmf-dist/tex/latex/base/ts1enc.def))
(/usr/share/texlive/texmf-dist/tex/latex/base/fontenc.sty
(/usr/share/texlive/texmf-dist/tex/latex/base/t1enc.def))
(/usr/share/texlive/texmf-dist/tex/latex/psnfss/times.sty))
(/usr/share/texlive/texmf-dist/tex/latex/base/inputenc.sty
(/usr/share/texlive/texmf-dist/tex/latex/base/utf8.def
(/usr/share/texlive/texmf-dist/tex/latex/base/t1enc.dfu)
(/usr/share/texlive/texmf-dist/tex/latex/base/ot1enc.dfu)
(/usr/share/texlive/texmf-dist/tex/latex/base/omsenc.dfu)
(/usr/share/texlive/texmf-dist/tex/latex/base/ts1enc.dfu))
(/usr/share/texlive/texmf-dist/tex/latex/base/latin1.def))
No file Rd2.aux.
(/usr/share/texlive/texmf-dist/tex/latex/base/ts1cmr.fd)
(/usr/share/texlive/texmf-dist/tex/latex/psnfss/t1ptm.fd)
(/usr/share/texlive/texmf-dist/tex/latex/psnfss/t1pcr.fd)
(/usr/share/texlive/texmf-dist/tex/latex/psnfss/t1phv.fd)
No file Rd2.toc.
(/usr/share/texlive/texmf-dist/tex/latex/base/utf8.def)
Overfull \hbox (18.78088pt too wide) in paragraph at lines 42--42
 []\T1/pcr/m/n/10 build_index(species = c("human", "mouse", "rat"), kmer = 31, 
destdir,[] 
(/usr/share/texlive/texmf-dist/tex/latex/psnfss/ts1pcr.fd) [1{/var/lib/texmf/fo
nts/map/pdftex/updmap/pdftex.map}]
(/usr/share/texlive/texmf-dist/tex/latex/base/utf8.def)
Overfull \hbox (9.78043pt too wide) in paragraph at lines 109--109
 []\T1/pcr/m/n/9 get_fastq(srr_id="SRR6324192", library_layout="SINGLE", get_sr
a_file=FALSE,[] 
[2] (/usr/share/texlive/texmf-dist/tex/latex/base/utf8.def)
(/usr/share/texlive/texmf-dist/tex/latex/base/utf8.def)
Overfull \hbox (12.78088pt too wide) in paragraph at lines 154--154
 []\T1/pcr/m/n/10 get_srr(srr_id, destdir, ascp = TRUE, prefetch_workspace, asc
p_path)[] 
[3]
Overfull \hbox (15.18042pt too wide) in paragraph at lines 182--182
 []\T1/pcr/m/n/9 prefetch_workspace="path_to_prefetch_workspace", ascp_path="pa
th_to_aspera")[] 
(/usr/share/texlive/texmf-dist/tex/latex/base/utf8.def)
Overfull \hbox (60.78088pt too wide) in paragraph at lines 196--196
 []\T1/pcr/m/n/10 process_geo_rnaseq(geo_series_acc, destdir, ascp = TRUE, pref
etch_workspace,[] 

Overfull \hbox (54.78088pt too wide) in paragraph at lines 198--198
 []  \T1/pcr/m/n/10 trimmomatic_path = NULL, index_dir, species = c("human", "m
ouse", "rat"),[] 
[4] [5]
Overfull \hbox (9.78043pt too wide) in paragraph at lines 260--260
 []\T1/pcr/m/n/9 prefetch_workspace="path_to_prefetch_workspace",ascp_path="pat
h_to_aspera",[] 

Overfull \hbox (85.38034pt too wide) in paragraph at lines 261--261
 []\T1/pcr/m/n/9 get_sra_file=FALSE, trim_fastq=FALSE, trimmomatic_path=NULL,in
dex_dir="path_to_indexDir",[] 
(/usr/share/texlive/texmf-dist/tex/latex/base/utf8.def)
(/usr/share/texlive/texmf-dist/tex/latex/base/utf8.def) [6]
(/usr/share/texlive/texmf-dist/tex/latex/base/utf8.def)
Overfull \hbox (72.78088pt too wide) in paragraph at lines 351--351
 []\T1/pcr/m/n/10 run_salmon(srr_id, library_layout = c("SINGLE", "PAIRED"), in
dex_dir, destdir,[] 

Overfull \hbox (12.78088pt too wide) in paragraph at lines 352--352
 []  \T1/pcr/m/n/10 fastq_dir, use_trimmed_fastq = FALSE, other_opts = NULL, n_
thread)[] 
[7]
Overfull \hbox (6.67766pt too wide) in paragraph at lines 377--379
\T1/ptm/m/n/10 use this func-tion in a loop for mul-ti-ple sam-ples. For other 
op-tions from Salmon use \TS1/pcr/m/n/10 '\T1/pcr/m/n/10 other_opts\TS1/pcr/m/n
/10 '\T1/ptm/m/n/10 . 

Overfull \hbox (96.25621pt too wide) in paragraph at lines 385--386
[]\T1/ptm/m/n/10 quant_new.sf: plain-text, tab-separated quan-tifi-ca-tion file
 that con-tains 5 col-umn: Name,Length,EffectiveLength,TPM,

Overfull \hbox (74.58035pt too wide) in paragraph at lines 405--405
 []\T1/pcr/m/n/9 run_salmon(srr_id="SRR6324192", library_layout="SINGLE", index
_dir="path_to_index_dir",[] 
[8] (/usr/share/texlive/texmf-dist/tex/latex/base/utf8.def)
Overfull \hbox (24.78088pt too wide) in paragraph at lines 421--421
 []\T1/pcr/m/n/10 run_tximport(srr_id, species = c("human", "mouse", "rat"), sa
lmon_dir,[] 

Overfull \hbox (85.38034pt too wide) in paragraph at lines 457--457
 []\T1/pcr/m/n/9 run_tximport(srr_id="SRR6324192", species="human", salmon_dir=
"path_to_salmon_files_dir",[] 
[9] (/usr/share/texlive/texmf-dist/tex/latex/base/utf8.def) [10]
Overfull \hbox (9.78043pt too wide) in paragraph at lines 519--519
 []\T1/pcr/m/n/9 trimmomatic_path="path_to_trimmomtic", library_layout="SINGLE"
, n_thread=2)[] 
[11] (./Rd2.aux) )
(see the transcript file for additional information){/usr/share/texlive/texmf-d
ist/fonts/enc/dvips/base/8r.enc}</usr/share/texlive/texmf-dist/fonts/type1/urw/
courier/ucrr8a.pfb></usr/share/texlive/texmf-dist/fonts/type1/urw/helvetic/uhvr
8a.pfb></usr/share/texlive/texmf-dist/fonts/type1/urw/times/utmb8a.pfb></usr/sh
are/texlive/texmf-dist/fonts/type1/urw/times/utmr8a.pfb></usr/share/texlive/tex
mf-dist/fonts/type1/urw/times/utmr8a.pfb></usr/share/texlive/texmf-dist/fonts/t
ype1/urw/times/utmri8a.pfb>
Output written on Rd2.pdf (11 pages, 89434 bytes).
Transcript written on Rd2.log.
This is pdfTeX, Version 3.1415926-2.5-1.40.14 (TeX Live 2013/Debian)
 restricted \write18 enabled.
entering extended mode
(./Rd2.tex
LaTeX2e <2011/06/27>
Babel <3.9h> and hyphenation patterns for 2 languages loaded.

(/usr/share/texlive/texmf-dist/tex/latex/base/book.cls
Document Class: book 2007/10/19 v1.4h Standard LaTeX document class
(/usr/share/texlive/texmf-dist/tex/latex/base/bk10.clo))
(/usr/share/R/share/texmf/tex/latex/Rd.sty
(/usr/share/texlive/texmf-dist/tex/latex/base/ifthen.sty)
(/usr/share/texlive/texmf-dist/tex/latex/tools/longtable.sty)
(/usr/share/texlive/texmf-dist/tex/latex/tools/bm.sty)
(/usr/share/texlive/texmf-dist/tex/latex/base/alltt.sty)
(/usr/share/texlive/texmf-dist/tex/latex/tools/verbatim.sty)
(/usr/share/texlive/texmf-dist/tex/latex/url/url.sty)
(/usr/share/texlive/texmf-dist/tex/latex/base/textcomp.sty
(/usr/share/texlive/texmf-dist/tex/latex/base/ts1enc.def))
(/usr/share/texlive/texmf-dist/tex/latex/base/fontenc.sty
(/usr/share/texlive/texmf-dist/tex/latex/base/t1enc.def))
(/usr/share/texlive/texmf-dist/tex/latex/psnfss/times.sty))
(/usr/share/texlive/texmf-dist/tex/latex/base/inputenc.sty
(/usr/share/texlive/texmf-dist/tex/latex/base/utf8.def
(/usr/share/texlive/texmf-dist/tex/latex/base/t1enc.dfu)
(/usr/share/texlive/texmf-dist/tex/latex/base/ot1enc.dfu)
(/usr/share/texlive/texmf-dist/tex/latex/base/omsenc.dfu)
(/usr/share/texlive/texmf-dist/tex/latex/base/ts1enc.dfu))
(/usr/share/texlive/texmf-dist/tex/latex/base/latin1.def)) (./Rd2.aux)
(/usr/share/texlive/texmf-dist/tex/latex/base/ts1cmr.fd)
(/usr/share/texlive/texmf-dist/tex/latex/psnfss/t1ptm.fd)
(/usr/share/texlive/texmf-dist/tex/latex/psnfss/t1pcr.fd)
(/usr/share/texlive/texmf-dist/tex/latex/psnfss/t1phv.fd) (./Rd2.toc)
(/usr/share/texlive/texmf-dist/tex/latex/base/utf8.def) [1{/var/lib/texmf/fonts
/map/pdftex/updmap/pdftex.map}]
Overfull \hbox (18.78088pt too wide) in paragraph at lines 42--42
 []\T1/pcr/m/n/10 build_index(species = c("human", "mouse", "rat"), kmer = 31, 
destdir,[] 
(/usr/share/texlive/texmf-dist/tex/latex/psnfss/ts1pcr.fd)
(/usr/share/texlive/texmf-dist/tex/latex/base/utf8.def) [2]
Overfull \hbox (9.78043pt too wide) in paragraph at lines 109--109
 []\T1/pcr/m/n/9 get_fastq(srr_id="SRR6324192", library_layout="SINGLE", get_sr
a_file=FALSE,[] 
(/usr/share/texlive/texmf-dist/tex/latex/base/utf8.def)
(/usr/share/texlive/texmf-dist/tex/latex/base/utf8.def) [3]
Overfull \hbox (12.78088pt too wide) in paragraph at lines 154--154
 []\T1/pcr/m/n/10 get_srr(srr_id, destdir, ascp = TRUE, prefetch_workspace, asc
p_path)[] 

Overfull \hbox (15.18042pt too wide) in paragraph at lines 182--182
 []\T1/pcr/m/n/9 prefetch_workspace="path_to_prefetch_workspace", ascp_path="pa
th_to_aspera")[] 
(/usr/share/texlive/texmf-dist/tex/latex/base/utf8.def)
Overfull \hbox (60.78088pt too wide) in paragraph at lines 196--196
 []\T1/pcr/m/n/10 process_geo_rnaseq(geo_series_acc, destdir, ascp = TRUE, pref
etch_workspace,[] 
[4]
Overfull \hbox (54.78088pt too wide) in paragraph at lines 198--198
 []  \T1/pcr/m/n/10 trimmomatic_path = NULL, index_dir, species = c("human", "m
ouse", "rat"),[] 
[5]
Overfull \hbox (9.78043pt too wide) in paragraph at lines 260--260
 []\T1/pcr/m/n/9 prefetch_workspace="path_to_prefetch_workspace",ascp_path="pat
h_to_aspera",[] 

Overfull \hbox (85.38034pt too wide) in paragraph at lines 261--261
 []\T1/pcr/m/n/9 get_sra_file=FALSE, trim_fastq=FALSE, trimmomatic_path=NULL,in
dex_dir="path_to_indexDir",[] 
(/usr/share/texlive/texmf-dist/tex/latex/base/utf8.def) [6]
(/usr/share/texlive/texmf-dist/tex/latex/base/utf8.def)
(/usr/share/texlive/texmf-dist/tex/latex/base/utf8.def) [7]
Overfull \hbox (72.78088pt too wide) in paragraph at lines 351--351
 []\T1/pcr/m/n/10 run_salmon(srr_id, library_layout = c("SINGLE", "PAIRED"), in
dex_dir, destdir,[] 

Overfull \hbox (12.78088pt too wide) in paragraph at lines 352--352
 []  \T1/pcr/m/n/10 fastq_dir, use_trimmed_fastq = FALSE, other_opts = NULL, n_
thread)[] 

Overfull \hbox (6.67766pt too wide) in paragraph at lines 377--379
\T1/ptm/m/n/10 use this func-tion in a loop for mul-ti-ple sam-ples. For other 
op-tions from Salmon use \TS1/pcr/m/n/10 '\T1/pcr/m/n/10 other_opts\TS1/pcr/m/n
/10 '\T1/ptm/m/n/10 . 

Overfull \hbox (96.25621pt too wide) in paragraph at lines 385--386
[]\T1/ptm/m/n/10 quant_new.sf: plain-text, tab-separated quan-tifi-ca-tion file
 that con-tains 5 col-umn: Name,Length,EffectiveLength,TPM,
[8]
Overfull \hbox (74.58035pt too wide) in paragraph at lines 405--405
 []\T1/pcr/m/n/9 run_salmon(srr_id="SRR6324192", library_layout="SINGLE", index
_dir="path_to_index_dir",[] 
(/usr/share/texlive/texmf-dist/tex/latex/base/utf8.def)
Overfull \hbox (24.78088pt too wide) in paragraph at lines 421--421
 []\T1/pcr/m/n/10 run_tximport(srr_id, species = c("human", "mouse", "rat"), sa
lmon_dir,[] 
[9]
Overfull \hbox (85.38034pt too wide) in paragraph at lines 457--457
 []\T1/pcr/m/n/9 run_tximport(srr_id="SRR6324192", species="human", salmon_dir=
"path_to_salmon_files_dir",[] 
(/usr/share/texlive/texmf-dist/tex/latex/base/utf8.def) [10]
Overfull \hbox (9.78043pt too wide) in paragraph at lines 519--519
 []\T1/pcr/m/n/9 trimmomatic_path="path_to_trimmomtic", library_layout="SINGLE"
, n_thread=2)[] 
[11] (./Rd2.aux) )
(see the transcript file for additional information){/usr/share/texlive/texmf-d
ist/fonts/enc/dvips/base/8r.enc}</usr/share/texlive/texmf-dist/fonts/type1/urw/
courier/ucrr8a.pfb></usr/share/texlive/texmf-dist/fonts/type1/urw/helvetic/uhvr
8a.pfb></usr/share/texlive/texmf-dist/fonts/type1/urw/times/utmb8a.pfb></usr/sh
are/texlive/texmf-dist/fonts/type1/urw/times/utmr8a.pfb></usr/share/texlive/tex
mf-dist/fonts/type1/urw/times/utmr8a.pfb></usr/share/texlive/texmf-dist/fonts/t
ype1/urw/times/utmri8a.pfb>
Output written on Rd2.pdf (11 pages, 89658 bytes).
Transcript written on Rd2.log.
Saving output to ‘GREP2-manual.pdf’ ...
Done
You may want to clean up by 'rm -rf /tmp/RtmpqZdpxv/Rd2pdf2ea92e516422'
